app/build/intermediates/manifest_merge_blame_file/debug/manifest-merger-blame-debug-report.txt
1<?xml version="1.0" encoding="utf-8"?>
2<manifest xmlns:android="http://schemas.android.com/apk/res/android"
3    package="com.example.philipricedealership"
4    android:versionCode="1"
5    android:versionName="1.0" >
6
7    <uses-sdk
8        android:minSdkVersion="28"
8-->src/main/AndroidManifest.xml
9        android:targetSdkVersion="32" />
9-->src/main/AndroidManifest.xml
10
11    <uses-permission android:name="android.permission.INTERNET" />
11-->src/main/AndroidManifest.xml:5:5-67
11-->src/main/AndroidManifest.xml:5:22-64
12
13    <application
13-->src/main/AndroidManifest.xml:7:5-55:19
14        android:allowBackup="true"
14-->src/main/AndroidManifest.xml:8:9-35
15        android:appComponentFactory="androidx.core.app.CoreComponentFactory"
15-->[androidx.core:core:1.8.0] AndroidManifest.xml:24:18-86
16        android:dataExtractionRules="@xml/data_extraction_rules"
16-->src/main/AndroidManifest.xml:9:9-65
17        android:debuggable="true"
18        android:extractNativeLibs="false"
19        android:fullBackupContent="@xml/backup_rules"
19-->src/main/AndroidManifest.xml:10:9-54
20        android:icon="@mipmap/ic_launcher"
20-->src/main/AndroidManifest.xml:11:9-43
21        android:label="@string/app_name"
21-->src/main/AndroidManifest.xml:12:9-41
22        android:roundIcon="@mipmap/ic_launcher_round"
22-->src/main/AndroidManifest.xml:13:9-54
23        android:supportsRtl="true"
23-->src/main/AndroidManifest.xml:14:9-35
24        android:testOnly="true"
25        android:theme="@style/Theme.PhilipRiceDealership" >
25-->src/main/AndroidManifest.xml:15:9-58
26        <activity
26-->src/main/AndroidManifest.xml:17:9-23:20
27            android:name="com.example.philipricedealership.home.Home"
27-->src/main/AndroidManifest.xml:18:13-38
28            android:exported="false" >
28-->src/main/AndroidManifest.xml:19:13-37
29            <meta-data
29-->src/main/AndroidManifest.xml:20:13-22:36
30                android:name="android.app.lib_name"
30-->src/main/AndroidManifest.xml:21:17-52
31                android:value="" />
31-->src/main/AndroidManifest.xml:22:17-33
32        </activity>
33        <activity
33-->src/main/AndroidManifest.xml:24:9-30:20
34            android:name="com.example.philipricedealership.signup.signup"
34-->src/main/AndroidManifest.xml:25:13-42
35            android:exported="false" >
35-->src/main/AndroidManifest.xml:26:13-37
36            <meta-data
36-->src/main/AndroidManifest.xml:20:13-22:36
37                android:name="android.app.lib_name"
37-->src/main/AndroidManifest.xml:21:17-52
38                android:value="" />
38-->src/main/AndroidManifest.xml:22:17-33
39        </activity>
40        <activity
40-->src/main/AndroidManifest.xml:31:9-37:20
41            android:name="com.example.philipricedealership.signup.login"
41-->src/main/AndroidManifest.xml:32:13-41
42            android:exported="false" >
42-->src/main/AndroidManifest.xml:33:13-37
43            <meta-data
43-->src/main/AndroidManifest.xml:20:13-22:36
44                android:name="android.app.lib_name"
44-->src/main/AndroidManifest.xml:21:17-52
45                android:value="" />
45-->src/main/AndroidManifest.xml:22:17-33
46        </activity>
47        <activity
47-->src/main/AndroidManifest.xml:38:9-50:20
48            android:name="com.example.philipricedealership.MainActivity"
48-->src/main/AndroidManifest.xml:39:13-41
49            android:exported="true" >
49-->src/main/AndroidManifest.xml:40:13-36
50            <intent-filter>
50-->src/main/AndroidManifest.xml:41:13-45:29
51                <action android:name="android.intent.action.MAIN" />
51-->src/main/AndroidManifest.xml:42:17-69
51-->src/main/AndroidManifest.xml:42:25-66
52
53                <category android:name="android.intent.category.LAUNCHER" />
53-->src/main/AndroidManifest.xml:44:17-77
53-->src/main/AndroidManifest.xml:44:27-74
54            </intent-filter>
55
56            <meta-data
56-->src/main/AndroidManifest.xml:20:13-22:36
57                android:name="android.app.lib_name"
57-->src/main/AndroidManifest.xml:21:17-52
58                android:value="" />
58-->src/main/AndroidManifest.xml:22:17-33
59        </activity>
60
61        <meta-data
61-->src/main/AndroidManifest.xml:52:9-54:57
62            android:name="preloaded_fonts"
62-->src/main/AndroidManifest.xml:53:13-43
63            android:resource="@array/preloaded_fonts" />
63-->src/main/AndroidManifest.xml:54:13-54
64
65        <provider
65-->[androidx.emoji2:emoji2:1.2.0] AndroidManifest.xml:24:9-32:20
66            android:name="androidx.startup.InitializationProvider"
66-->[androidx.emoji2:emoji2:1.2.0] AndroidManifest.xml:25:13-67
67            android:authorities="com.example.philipricedealership.androidx-startup"
67-->[androidx.emoji2:emoji2:1.2.0] AndroidManifest.xml:26:13-68
68            android:exported="false" >
68-->[androidx.emoji2:emoji2:1.2.0] AndroidManifest.xml:27:13-37
69            <meta-data
69-->[androidx.emoji2:emoji2:1.2.0] AndroidManifest.xml:29:13-31:52
70                android:name="androidx.emoji2.text.EmojiCompatInitializer"
70-->[androidx.emoji2:emoji2:1.2.0] AndroidManifest.xml:30:17-75
71                android:value="androidx.startup" />
71-->[androidx.emoji2:emoji2:1.2.0] AndroidManifest.xml:31:17-49
72            <meta-data
72-->[androidx.lifecycle:lifecycle-process:2.4.1] AndroidManifest.xml:31:13-33:52
73                android:name="androidx.lifecycle.ProcessLifecycleInitializer"
73-->[androidx.lifecycle:lifecycle-process:2.4.1] AndroidManifest.xml:32:17-78
74                android:value="androidx.startup" />
74-->[androidx.lifecycle:lifecycle-process:2.4.1] AndroidManifest.xml:33:17-49
75        </provider>
76    </application>
77
78</manifest>